<?xml version="1.0" encoding="UTF-8"?>
<testsuite xmlns:xsi="http://www.w3.org/2001/XMLSchema-instance" xsi:noNamespaceSchemaLocation="https://maven.apache.org/surefire/maven-surefire-plugin/xsd/surefire-test-report-3.0.xsd" version="3.0" name="TestSuite" time="14.083" tests="1" errors="0" skipped="0" failures="0">
  <properties>
[...]
</properties>
  <testcase name="verifyAddToCartFunctionality" classname="com.juaracoding.examweek3.authentications.AddToCartTest" time="4.826">
    <system-out><![CDATA[ Memverifikasi Ikon Keranjang. Actual Count: 1
 Memverifikasi Tombol produk berubah menjadi 'Remove'.
]]></system-out>
  </testcase>
</testsuite>